<?xml version="1.0" encoding="UTF-8"?>
<!-- Generated by org.testng.reporters.JUnitReportReporter -->
<testsuite hostname="DESKTOP-M85GF2G" failures="0" tests="1" name="Test.TestBase" time="1.817" errors="1" timestamp="2019-12-26T12:45:19 IST" skipped="0">
  <testcase classname="Test.TestBase" name="initialize" time="1.817">
    <error message="session not created: This version of ChromeDriver only supports Chrome version 77
Build info: version: &#039;3.141.59&#039;, revision: &#039;e82be7d358&#039;, time: &#039;2018-11-14T08:17:03&#039;
System info: host: &#039;DESKTOP-M85GF2G&#039;, ip: &#039;10.35.25.131&#039;, os.name: &#039;Windows 10&#039;, os.arch: &#039;amd64&#039;, os.version: &#039;10.0&#039;, java.version: &#039;12.0.2&#039;
Driver info: driver.version: ChromeDriver
remote stacktrace: Backtrace:
	Ordinal0 [0x00A6EB13+1501971]
	Ordinal0 [0x009EF6D1+980689]
	Ordinal0 [0x0097765F+489055]
	Ordinal0 [0x0090F2F4+62196]
	Ordinal0 [0x0090BCDA+48346]
	Ordinal0 [0x00929800+169984]
	Ordinal0 [0x0092942D+169005]
	Ordinal0 [0x009278EB+162027]
	Ordinal0 [0x00910AC7+68295]
	Ordinal0 [0x00911B40+72512]
	Ordinal0 [0x00911AD9+72409]
	Ordinal0 [0x00A08F37+1085239]
	GetHandleVerifier [0x00B0D7ED+503293]
	GetHandleVerifier [0x00B0D580+502672]
	GetHandleVerifier [0x00B146AC+531644]
	GetHandleVerifier [0x00B0DFFA+505354]
	Ordinal0 [0x00A00606+1050118]
	Ordinal0 [0x00A0047F+1049727]
	Ordinal0 [0x00A0AF9B+1093531]
	Ordinal0 [0x00A0B103+1093891]
	Ordinal0 [0x00A0A095+1089685]
	BaseThreadInitThunk [0x770C0419+25]
	RtlGetAppContainerNamedObjectPath [0x77B1662D+237]
	RtlGetAppContainerNamedObjectPath [0x77B165FD+189]
" type="org.openqa.selenium.SessionNotCreatedException">
      <![CDATA[org.openqa.selenium.SessionNotCreatedException: session not created: This version of ChromeDriver only supports Chrome version 77
Build info: version: '3.141.59', revision: 'e82be7d358', time: '2018-11-14T08:17:03'
System info: host: 'DESKTOP-M85GF2G', ip: '10.35.25.131', os.name: 'Windows 10', os.arch: 'amd64', os.version: '10.0', java.version: '12.0.2'
Driver info: driver.version: ChromeDriver
remote stacktrace: Backtrace:
Ordinal0 [0x00A6EB13+1501971]
Ordinal0 [0x009EF6D1+980689]
Ordinal0 [0x0097765F+489055]
Ordinal0 [0x0090F2F4+62196]
Ordinal0 [0x0090BCDA+48346]
Ordinal0 [0x00929800+169984]
Ordinal0 [0x0092942D+169005]
Ordinal0 [0x009278EB+162027]
Ordinal0 [0x00910AC7+68295]
Ordinal0 [0x00911B40+72512]
Ordinal0 [0x00911AD9+72409]
Ordinal0 [0x00A08F37+1085239]
GetHandleVerifier [0x00B0D7ED+503293]
GetHandleVerifier [0x00B0D580+502672]
GetHandleVerifier [0x00B146AC+531644]
GetHandleVerifier [0x00B0DFFA+505354]
Ordinal0 [0x00A00606+1050118]
Ordinal0 [0x00A0047F+1049727]
Ordinal0 [0x00A0AF9B+1093531]
Ordinal0 [0x00A0B103+1093891]
Ordinal0 [0x00A0A095+1089685]
BaseThreadInitThunk [0x770C0419+25]
RtlGetAppContainerNamedObjectPath [0x77B1662D+237]
RtlGetAppContainerNamedObjectPath [0x77B165FD+189]

at java.base/jdk.internal.reflect.NativeConstructorAccessorImpl.newInstance0(Native Method)
at java.base/jdk.internal.reflect.NativeConstructorAccessorImpl.newInstance(NativeConstructorAccessorImpl.java:62)
at java.base/jdk.internal.reflect.DelegatingConstructorAccessorImpl.newInstance(DelegatingConstructorAccessorImpl.java:45)
at java.base/java.lang.reflect.Constructor.newInstanceWithCaller(Constructor.java:500)
at java.base/java.lang.reflect.Constructor.newInstance(Constructor.java:481)
at org.openqa.selenium.remote.W3CHandshakeResponse.lambda$errorHandler$0(W3CHandshakeResponse.java:62)
at org.openqa.selenium.remote.HandshakeResponse.lambda$getResponseFunction$0(HandshakeResponse.java:30)
at org.openqa.selenium.remote.ProtocolHandshake.lambda$createSession$0(ProtocolHandshake.java:126)
at java.base/java.util.stream.ReferencePipeline$3$1.accept(ReferencePipeline.java:195)
at java.base/java.util.Spliterators$ArraySpliterator.tryAdvance(Spliterators.java:958)
at java.base/java.util.stream.ReferencePipeline.forEachWithCancel(ReferencePipeline.java:127)
at java.base/java.util.stream.AbstractPipeline.copyIntoWithCancel(AbstractPipeline.java:502)
at java.base/java.util.stream.AbstractPipeline.copyInto(AbstractPipeline.java:488)
at java.base/java.util.stream.AbstractPipeline.wrapAndCopyInto(AbstractPipeline.java:474)
at java.base/java.util.stream.FindOps$FindOp.evaluateSequential(FindOps.java:150)
at java.base/java.util.stream.AbstractPipeline.evaluate(AbstractPipeline.java:234)
at java.base/java.util.stream.ReferencePipeline.findFirst(ReferencePipeline.java:543)
at org.openqa.selenium.remote.ProtocolHandshake.createSession(ProtocolHandshake.java:128)
at org.openqa.selenium.remote.ProtocolHandshake.createSession(ProtocolHandshake.java:74)
at org.openqa.selenium.remote.HttpCommandExecutor.execute(HttpCommandExecutor.java:136)
at org.openqa.selenium.remote.service.DriverCommandExecutor.execute(DriverCommandExecutor.java:83)
at org.openqa.selenium.remote.RemoteWebDriver.execute(RemoteWebDriver.java:552)
at org.openqa.selenium.remote.RemoteWebDriver.startSession(RemoteWebDriver.java:213)
at org.openqa.selenium.remote.RemoteWebDriver.<init>(RemoteWebDriver.java:131)
at org.openqa.selenium.chrome.ChromeDriver.<init>(ChromeDriver.java:181)
at org.openqa.selenium.chrome.ChromeDriver.<init>(ChromeDriver.java:168)
at org.openqa.selenium.chrome.ChromeDriver.<init>(ChromeDriver.java:123)
at Test.TestBase.initialize(TestBase.java:23)
at java.base/jdk.internal.reflect.NativeMethodAccessorImpl.invoke0(Native Method)
at java.base/jdk.internal.reflect.NativeMethodAccessorImpl.invoke(NativeMethodAccessorImpl.java:62)
at java.base/jdk.internal.reflect.DelegatingMethodAccessorImpl.invoke(DelegatingMethodAccessorImpl.java:43)
at java.base/java.lang.reflect.Method.invoke(Method.java:567)
at org.testng.internal.MethodInvocationHelper.invokeMethod(MethodInvocationHelper.java:133)
at org.testng.internal.MethodInvocationHelper.invokeMethodConsideringTimeout(MethodInvocationHelper.java:62)
at org.testng.internal.ConfigInvoker.invokeConfigurationMethod(ConfigInvoker.java:340)
at org.testng.internal.ConfigInvoker.invokeConfigurations(ConfigInvoker.java:294)
at org.testng.SuiteRunner.privateRun(SuiteRunner.java:345)
at org.testng.SuiteRunner.run(SuiteRunner.java:304)
at org.testng.SuiteRunnerWorker.runSuite(SuiteRunnerWorker.java:53)
at org.testng.SuiteRunnerWorker.run(SuiteRunnerWorker.java:96)
at org.testng.TestNG.runSuitesSequentially(TestNG.java:1180)
at org.testng.TestNG.runSuitesLocally(TestNG.java:1102)
at org.testng.TestNG.runSuites(TestNG.java:1032)
at org.testng.TestNG.run(TestNG.java:1000)
at org.testng.remote.AbstractRemoteTestNG.run(AbstractRemoteTestNG.java:115)
at org.testng.remote.RemoteTestNG.initAndRun(RemoteTestNG.java:251)
at org.testng.remote.RemoteTestNG.main(RemoteTestNG.java:77)
]]>
    </error>
  </testcase> <!-- initialize -->
</testsuite> <!-- Test.TestBase -->
